<?xml version="1.0" encoding="UTF-8"?>
<!-- Generated by org.testng.reporters.JUnitReportReporter -->
<testsuite hostname="Sagaya-HP" failures="0" tests="1" name="com.amazon.qa.testcases.ShoppingCartTest" time="15.813" errors="0" timestamp="2022-09-02T13:42:26 EDT" skipped="0">
  <testcase classname="com.amazon.qa.testcases.ShoppingCartTest" name="verifyRemoveAllIteminCart" time="15.813"/>
  <system-out/>
</testsuite> <!-- com.amazon.qa.testcases.ShoppingCartTest -->
