<?xml version="1.0" encoding="UTF-8"?>
<!-- Generated by org.testng.reporters.JUnitReportReporter -->
<testsuite hostname="Sagaya-HP" failures="0" tests="7" name="com.amazon.qa.testcases.YourAccountTest" time="105.049" errors="0" timestamp="2022-09-02T08:15:14 EDT" skipped="0">
  <testcase classname="com.amazon.qa.testcases.YourAccountTest" name="Title" time="14.536"/>
  <system-out/>
  <testcase classname="com.amazon.qa.testcases.YourAccountTest" name="getUserNameTest" time="14.410"/>
  <system-out/>
  <testcase classname="com.amazon.qa.testcases.YourAccountTest" name="verifyUserNameTest" time="14.149"/>
  <system-out/>
  <testcase classname="com.amazon.qa.testcases.YourAccountTest" name="testYourOrdersPage" time="15.640"/>
  <system-out/>
  <testcase classname="com.amazon.qa.testcases.YourAccountTest" name="testYourAddressPage" time="16.309"/>
  <system-out/>
  <testcase classname="com.amazon.qa.testcases.YourAccountTest" name="testLoginandSecurityPage" time="14.824"/>
  <system-out/>
  <testcase classname="com.amazon.qa.testcases.YourAccountTest" name="testYourPaymentPage" time="15.181"/>
  <system-out/>
</testsuite> <!-- com.amazon.qa.testcases.YourAccountTest -->
