<?xml version="1.0" encoding="UTF-8"?>
<!-- Generated by org.testng.reporters.JUnitReportReporter -->
<testsuite hostname="Sagaya-HP" failures="0" tests="7" name="com.amazon.qa.testcases.SearchingSortingFilteringTest" time="211.185" errors="1" timestamp="2022-09-02T08:15:14 EDT" skipped="0">
  <testcase classname="com.amazon.qa.testcases.SearchingSortingFilteringTest" name="Title" time="10.279">
    <error message="Cannot invoke &quot;pompackage.PomSearchingSortingFiltering.verify()&quot; because &quot;this.SearchingSortingFiltering&quot; is null" type="java.lang.NullPointerException">
      <![CDATA[java.lang.NullPointerException: Cannot invoke "pompackage.PomSearchingSortingFiltering.verify()" because "this.SearchingSortingFiltering" is null
at com.amazon.qa.testcases.SearchingSortingFilteringTest.Title(SearchingSortingFilteringTest.java:38)
at java.base/jdk.internal.reflect.DirectMethodHandleAccessor.invoke(DirectMethodHandleAccessor.java:104)
at java.base/java.lang.reflect.Method.invoke(Method.java:577)
at org.testng.internal.invokers.MethodInvocationHelper.invokeMethod(MethodInvocationHelper.java:139)
at org.testng.internal.invokers.TestInvoker.invokeMethod(TestInvoker.java:677)
at org.testng.internal.invokers.TestInvoker.invokeTestMethod(TestInvoker.java:221)
at org.testng.internal.invokers.MethodRunner.runInSequence(MethodRunner.java:50)
at org.testng.internal.invokers.TestInvoker$MethodInvocationAgent.invoke(TestInvoker.java:962)
at org.testng.internal.invokers.TestInvoker.invokeTestMethods(TestInvoker.java:194)
at org.testng.internal.invokers.TestMethodWorker.invokeTestMethods(TestMethodWorker.java:148)
at org.testng.internal.invokers.TestMethodWorker.run(TestMethodWorker.java:128)
at java.base/java.util.ArrayList.forEach(ArrayList.java:1511)
at org.testng.TestRunner.privateRun(TestRunner.java:806)
at org.testng.TestRunner.run(TestRunner.java:601)
at org.testng.SuiteRunner.runTest(SuiteRunner.java:433)
at org.testng.SuiteRunner.runSequentially(SuiteRunner.java:427)
at org.testng.SuiteRunner.privateRun(SuiteRunner.java:387)
at org.testng.SuiteRunner.run(SuiteRunner.java:330)
at org.testng.SuiteRunnerWorker.runSuite(SuiteRunnerWorker.java:52)
at org.testng.SuiteRunnerWorker.run(SuiteRunnerWorker.java:95)
at org.testng.TestNG.runSuitesSequentially(TestNG.java:1256)
at org.testng.TestNG.runSuitesLocally(TestNG.java:1176)
at org.testng.TestNG.runSuites(TestNG.java:1099)
at org.testng.TestNG.run(TestNG.java:1067)
at org.testng.remote.AbstractRemoteTestNG.run(AbstractRemoteTestNG.java:115)
at org.testng.remote.RemoteTestNG.initAndRun(RemoteTestNG.java:251)
at org.testng.remote.RemoteTestNG.main(RemoteTestNG.java:77)
]]>
    </error>
  </testcase> <!-- Title -->
  <system-out/>
  <testcase classname="com.amazon.qa.testcases.SearchingSortingFilteringTest" name="search" time="18.519"/>
  <system-out/>
  <testcase classname="com.amazon.qa.testcases.SearchingSortingFilteringTest" name="GetAllProduct" time="20.390"/>
  <system-out/>
  <testcase classname="com.amazon.qa.testcases.SearchingSortingFilteringTest" name="verifysortingFunctionality" time="19.721"/>
  <system-out/>
  <testcase classname="com.amazon.qa.testcases.SearchingSortingFilteringTest" name="verifyFilterfunctionality" time="31.883"/>
  <system-out/>
  <testcase classname="com.amazon.qa.testcases.SearchingSortingFilteringTest" name="verifyPaginationfunctionality" time="78.305"/>
  <system-out/>
  <testcase classname="com.amazon.qa.testcases.SearchingSortingFilteringTest" name="verifyfindDuplicatesinPages" time="32.088"/>
  <system-out/>
</testsuite> <!-- com.amazon.qa.testcases.SearchingSortingFilteringTest -->
