<?xml version="1.0" encoding="UTF-8"?>
<!-- Generated by org.testng.reporters.JUnitReportReporter -->
<testsuite hostname="Sagaya-HP" failures="0" tests="2" name="com.amazon.qa.testcases.SigninTest" time="15.017" errors="0" timestamp="2022-09-02T08:15:14 EDT" skipped="0">
  <testcase classname="com.amazon.qa.testcases.SigninTest" name="login" time="10.134"/>
  <system-out/>
  <testcase classname="com.amazon.qa.testcases.SigninTest" name="verifylogo" time="4.883"/>
  <system-out/>
</testsuite> <!-- com.amazon.qa.testcases.SigninTest -->
