<?xml version="1.0" encoding="UTF-8"?>
<!-- Generated by org.testng.reporters.JUnitReportReporter -->
<testsuite hostname="Sagaya-HP" failures="0" tests="4" name="com.amazon.qa.testcases.YourAddressTest" time="45.623" errors="0" timestamp="2022-09-02T08:15:14 EDT" skipped="1">
  <testcase classname="com.amazon.qa.testcases.YourAddressTest" name="Title" time="15.117"/>
  <system-out/>
  <testcase classname="com.amazon.qa.testcases.YourAddressTest" name="AddAddress" time="15.339"/>
  <system-out/>
  <testcase classname="com.amazon.qa.testcases.YourAddressTest" name="DefaultAddress" time="15.167"/>
  <system-out/>
  <testcase classname="com.amazon.qa.testcases.YourAddressTest" name="addaddress">
    <skipped/>
  </testcase> <!-- addaddress -->
  <system-out/>
</testsuite> <!-- com.amazon.qa.testcases.YourAddressTest -->
