<?xml version="1.0" encoding="UTF-8"?>
<!-- Generated by org.testng.reporters.JUnitReportReporter -->
<testsuite hostname="Sagaya-HP" failures="0" tests="1" name="com.amazon.qa.testcases.LoginAndSecurityTest" time="16.313" errors="0" timestamp="2022-09-02T08:15:14 EDT" skipped="0">
  <testcase classname="com.amazon.qa.testcases.LoginAndSecurityTest" name="Title" time="16.313"/>
  <system-out/>
</testsuite> <!-- com.amazon.qa.testcases.LoginAndSecurityTest -->
